<?xml version="1.0" encoding="UTF-8"?>
<testng-results skipped="0" failed="0" ignored="0" total="1" passed="1">
  <reporter-output>
  </reporter-output>
  <suite name="Suite" duration-ms="12731" started-at="2022-08-22T05:18:25Z" finished-at="2022-08-22T05:18:37Z">
    <groups>
      <group name="cucumber">
        <method signature="AbstractTestNGCucumberTests.runScenario(io.cucumber.testng.PickleWrapper, io.cucumber.testng.FeatureWrapper)[pri:0, instance:com.suyog.TestRunner.TestRunner@cb644e]" name="runScenario" class="io.cucumber.testng.AbstractTestNGCucumberTests"/>
      </group> <!-- cucumber -->
    </groups>
    <test name="Test" duration-ms="12731" started-at="2022-08-22T05:18:25Z" finished-at="2022-08-22T05:18:37Z">
      <class name="com.suyog.TestRunner.TestRunner">
        <test-method status="PASS" signature="setUpClass()[pri:0, instance:com.suyog.TestRunner.TestRunner@cb644e]" name="setUpClass" is-config="true" duration-ms="376" started-at="2022-08-22T05:18:34Z" finished-at="2022-08-22T05:18:35Z">
          <reporter-output>
          </reporter-output>
        </test-method> <!-- setUpClass -->
        <test-method status="PASS" signature="runScenario(io.cucumber.testng.PickleWrapper, io.cucumber.testng.FeatureWrapper)[pri:0, instance:com.suyog.TestRunner.TestRunner@cb644e]" name="runScenario" duration-ms="2785" started-at="2022-08-22T05:18:35Z" description="Runs Cucumber Scenarios" data-provider="scenarios" finished-at="2022-08-22T05:18:37Z">
          <params>
            <param index="0">
              <value>
                <![CDATA[""]]>
              </value>
            </param>
            <param index="1">
              <value>
                <![CDATA["Optional[login in to orange HRM]"]]>
              </value>
            </param>
          </params>
          <reporter-output>
          </reporter-output>
        </test-method> <!-- runScenario -->
        <test-method status="PASS" signature="tearDownClass()[pri:0, instance:com.suyog.TestRunner.TestRunner@cb644e]" name="tearDownClass" is-config="true" duration-ms="31" started-at="2022-08-22T05:18:37Z" finished-at="2022-08-22T05:18:37Z">
          <reporter-output>
          </reporter-output>
        </test-method> <!-- tearDownClass -->
      </class> <!-- com.suyog.TestRunner.TestRunner -->
    </test> <!-- Test -->
  </suite> <!-- Suite -->
</testng-results>
